<?xml version="1.0" encoding="UTF-8"?>
<testsuite xmlns:xsi="http://www.w3.org/2001/XMLSchema-instance" xsi:noNamespaceSchemaLocation="https://maven.apache.org/surefire/maven-surefire-plugin/xsd/surefire-test-report-3.0.xsd" version="3.0" name="InventoryAllocatorTest" time="0.03" tests="13" errors="0" skipped="0" failures="0">
  <properties>
[...]
</properties>
  <testcase name="properManyShipmentManyOrderItemsManyWarehouses" classname="InventoryAllocatorTest" time="0.009">
    <system-err><![CDATA[Aug 24, 2020 11:22:03 PM InventoryAllocator allocateShipment
INFO: All shipments are done
]]></system-err>
  </testcase>
  <testcase name="happyCaseExactInventoryMatch" classname="InventoryAllocatorTest" time="0.001">
    <system-err><![CDATA[Aug 24, 2020 11:22:03 PM InventoryAllocator allocateShipment
INFO: All shipments are done
]]></system-err>
  </testcase>
  <testcase name="properSingleShipmentManyOrderItemsManyWarehouses" classname="InventoryAllocatorTest" time="0.002">
    <system-err><![CDATA[Aug 24, 2020 11:22:03 PM InventoryAllocator allocateShipment
INFO: All shipments are done
]]></system-err>
  </testcase>
  <testcase name="splittingOrderAcrossMultipleWarehouses" classname="InventoryAllocatorTest" time="0.001">
    <system-err><![CDATA[Aug 24, 2020 11:22:03 PM InventoryAllocator allocateShipment
INFO: All shipments are done
]]></system-err>
  </testcase>
  <testcase name="incompleteShipmentWithManyOrderItemOneWarehouses" classname="InventoryAllocatorTest" time="0"/>
  <testcase name="properShipmentWithOnlyOneOrderSingleWarehouses" classname="InventoryAllocatorTest" time="0.001">
    <system-err><![CDATA[Aug 24, 2020 11:22:03 PM InventoryAllocator allocateShipment
INFO: All shipments are done
]]></system-err>
  </testcase>
  <testcase name="incompleteShipmentWithManyOrderItemManyWarehouses" classname="InventoryAllocatorTest" time="0.001"/>
  <testcase name="incompleteShipmentWithOneOrderItemOneWarehouses" classname="InventoryAllocatorTest" time="0"/>
  <testcase name="nonEmptyOrderEmptyWarehouse" classname="InventoryAllocatorTest" time="0"/>
  <testcase name="notEnoughInventoriesNoAllocations" classname="InventoryAllocatorTest" time="0"/>
  <testcase name="noneOrdersWithWarehouseNotEmpty" classname="InventoryAllocatorTest" time="0.001">
    <system-err><![CDATA[Aug 24, 2020 11:22:03 PM InventoryAllocator allocateShipment
INFO: All shipments are done
]]></system-err>
  </testcase>
  <testcase name="properOrderItemsWithWarehousesEmpty" classname="InventoryAllocatorTest" time="0"/>
  <testcase name="properShipmentWithManyOrderItemsSingleWarehouse" classname="InventoryAllocatorTest" time="0.002">
    <system-err><![CDATA[Aug 24, 2020 11:22:03 PM InventoryAllocator allocateShipment
INFO: All shipments are done
]]></system-err>
  </testcase>
</testsuite>